L 1 "..\..\..\src\common\asin.c"
N
Nconst int asin[128] = {
N      0,
N    7,
N    14,
N    21,
N    28,
N    35,
N    43,
N    50,
N    57,
N    64,
N    71,
N    78,
N    85,
N    92,
N    99,
N    106,
N    113,
N    120,
N    128,
N    135,
N    142,
N    149,
N    156,
N    163,
N    170,
N    177,
N    184,
N    191,
N    198,
N    206,
N    213,
N    220,
N    227,
N    234,
N    241,
N    248,
N    255,
N    262,
N    269,
N    276,
N    283,
N    291,
N    298,
N    305,
N    312,
N    319,
N    326,
N    333,
N    340,
N    347,
N    354,
N    361,
N    369,
N    376,
N    383,
N    390,
N    397,
N    404,
N    411,
N    418,
N    425,
N    432,
N    439,
N    446,
N    454,
N    461,
N    468,
N    475,
N    482,
N    489,
N    496,
N    503,
N    510,
N    517,
N    524,
N    531,
N    539,
N    546,
N    553,
N    560,
N    567,
N    574,
N    581,
N    588,
N    595,
N    602,
N    609,
N    617,
N    624,
N    631,
N    638,
N    645,
N    652,
N    659,
N    666,
N    673,
N    680,
N    687,
N    694,
N    702,
N    709,
N    716,
N    723,
N    730,
N    737,
N    744,
N    751,
N    758,
N    765,
N    772,
N    780,
N    787,
N    794,
N    801,
N    808,
N    815,
N    822,
N    829,
N    836,
N    843,
N    850,
N    857,
N    865,
N    872,
N    879,
N    886,
N    893,
N    900
N};
N
N
